@!@!@STARTMSG 2262:0 @!@!@
TLC2 Version 2.16 of 31 December 2020 (rev: cdddf55)
@!@!@ENDMSG 2262 @!@!@
@!@!@STARTMSG 2187:0 @!@!@
Running breadth-first search Model-Checking with fp 6 and seed -8726544354781818823 with 1 worker on 12 cores with 7118MB heap and 64MB offheap memory [pid: 26061] (Linux 4.19.0-13-amd64 amd64, Debian 11.0.9.1 x86_64, MSBDiskFPSet, DiskStateQueue).
@!@!@ENDMSG 2187 @!@!@
@!@!@STARTMSG 2220:0 @!@!@
Starting SANY...
@!@!@ENDMSG 2220 @!@!@
Parsing file /home/isaac/Documents/SimpleStaking/model-p2p/high_level/HighLevel.toolbox/Model_1/MC.tla
Parsing file /home/isaac/Documents/SimpleStaking/model-p2p/high_level/HighLevel.toolbox/Model_1/HighLevel.tla
Parsing file /tmp/TLC.tla
Parsing file /home/isaac/Documents/SimpleStaking/model-p2p/high_level/HighLevel.toolbox/Model_1/Utils.tla
Parsing file /tmp/FiniteSets.tla
Parsing file /tmp/Integers.tla
Parsing file /tmp/Naturals.tla
Parsing file /tmp/Sequences.tla
Parsing file /home/isaac/Documents/SimpleStaking/model-p2p/high_level/HighLevel.toolbox/Model_1/HL_Actions.tla
Parsing file /home/isaac/Documents/SimpleStaking/model-p2p/high_level/HighLevel.toolbox/Model_1/HL_TypeOK.tla
Parsing file /home/isaac/Documents/SimpleStaking/model-p2p/high_level/HighLevel.toolbox/Model_1/HL_Properties.tla
Parsing file /home/isaac/Documents/SimpleStaking/model-p2p/high_level/HighLevel.toolbox/Model_1/HL_Utils.tla
Semantic processing of module Naturals
Semantic processing of module Sequences
Semantic processing of module FiniteSets
Semantic processing of module Integers
Semantic processing of module TLC
Semantic processing of module Utils
Semantic processing of module HL_Utils
Semantic processing of module HL_Actions
Semantic processing of module HL_TypeOK
Semantic processing of module HL_Properties
Semantic processing of module HighLevel
Semantic processing of module MC
@!@!@STARTMSG 2219:0 @!@!@
SANY finished.
@!@!@ENDMSG 2219 @!@!@
@!@!@STARTMSG 2185:0 @!@!@
Starting... (2021-02-17 08:54:31)
@!@!@ENDMSG 2185 @!@!@
@!@!@STARTMSG 2212:0 @!@!@
Implied-temporal checking--satisfiability problem has 2 branches.
@!@!@ENDMSG 2212 @!@!@
@!@!@STARTMSG 2189:0 @!@!@
Computing initial states...
@!@!@ENDMSG 2189 @!@!@
@!@!@STARTMSG 2190:0 @!@!@
Finished computing initial states: 2 distinct states generated at 2021-02-17 08:54:31.
@!@!@ENDMSG 2190 @!@!@
@!@!@STARTMSG 2192:0 @!@!@
Checking 2 branches of temporal properties for the current state space with 7465 total distinct states at (2021-02-17 08:54:34)
@!@!@ENDMSG 2192 @!@!@
@!@!@STARTMSG 2267:0 @!@!@
Finished checking temporal properties in 00s at 2021-02-17 08:54:35
@!@!@ENDMSG 2267 @!@!@
@!@!@STARTMSG 2200:0 @!@!@
Progress(9) at 2021-02-17 08:54:35: 10,742 states generated (10,742 s/min), 5,129 distinct states found (5,129 ds/min), 2,792 states left on queue.
@!@!@ENDMSG 2200 @!@!@
@!@!@STARTMSG 2776:0 @!@!@
CostModel lookup failed for expression <line 122, col 21 to line 122, col 38 of module HL_Utils>. Reporting costs into <line 111, col 42 to line 111, col 54 of module Utils> instead (Safety and Liveness checking is unaffected. Please report a bug.)
@!@!@ENDMSG 2776 @!@!@
@!@!@STARTMSG 2776:0 @!@!@
CostModel lookup failed for expression <line 122, col 21 to line 122, col 22 of module HL_Utils>. Reporting costs into <line 111, col 42 to line 111, col 54 of module Utils> instead (Safety and Liveness checking is unaffected. Please report a bug.)
@!@!@ENDMSG 2776 @!@!@
@!@!@STARTMSG 2776:0 @!@!@
CostModel lookup failed for expression <line 122, col 28 to line 122, col 38 of module HL_Utils>. Reporting costs into <line 111, col 42 to line 111, col 54 of module Utils> instead (Safety and Liveness checking is unaffected. Please report a bug.)
@!@!@ENDMSG 2776 @!@!@
