TLC2 TLC Server Version 2.16 of 31 December 2020
@!@!@STARTMSG 2220:0 @!@!@
Starting SANY...
@!@!@ENDMSG 2220 @!@!@
Parsing file /home/isaac/Documents/SimpleStaking/model-p2p/HighLevel.toolbox/Model_1/MC.tla
Parsing file /home/isaac/Documents/SimpleStaking/model-p2p/HighLevel.toolbox/Model_1/HighLevel.tla
Parsing file /home/isaac/Documents/TLA+/toolbox/plugins/org.lamport.tlatools_1.0.0.202012311918/tla2sany/StandardModules/TLC.tla
Parsing file /home/isaac/Documents/SimpleStaking/model-p2p/HighLevel.toolbox/Model_1/Utils.tla
Parsing file /usr/local/lib/tlaps/FiniteSets.tla
Parsing file /home/isaac/Documents/TLA+/toolbox/plugins/org.lamport.tlatools_1.0.0.202012311918/tla2sany/StandardModules/Integers.tla
Parsing file /home/isaac/Documents/TLA+/toolbox/plugins/org.lamport.tlatools_1.0.0.202012311918/tla2sany/StandardModules/Naturals.tla
Parsing file /home/isaac/Documents/TLA+/toolbox/plugins/org.lamport.tlatools_1.0.0.202012311918/tla2sany/StandardModules/Sequences.tla
Semantic processing of module Naturals
Semantic processing of module Sequences
Semantic processing of module FiniteSets
Semantic processing of module Integers
Semantic processing of module TLC
Semantic processing of module Utils
Semantic processing of module HighLevel
Semantic processing of module MC
@!@!@STARTMSG 2219:0 @!@!@
SANY finished.
@!@!@ENDMSG 2219 @!@!@
@!@!@STARTMSG 2185:0 @!@!@
Starting... (2021-01-05 14:53:51)
@!@!@ENDMSG 2185 @!@!@
@!@!@STARTMSG 2189:0 @!@!@
Computing initial states...
@!@!@ENDMSG 2189 @!@!@
@!@!@STARTMSG 2190:0 @!@!@
Finished computing initial states: 1 distinct state(s) generated at 2021-01-05 14:53:52.
@!@!@ENDMSG 2190 @!@!@
@!@!@STARTMSG 7000:0 @!@!@
TLC server at debian is ready (2021-01-05 14:53:52)
@!@!@ENDMSG 7000 @!@!@
