\* Checking IndInv is an inductive invariant

\* 1. Checking Init satisfies IndInv:

$ apalache check --init=Init --inv=IndInv --length=0 MC_safety_2good_3bad.tla 
Assuming you bind-mounted your local directory into /var/apalache...
# Tool home: /opt/apalache
# Package:   /opt/apalache/mod-distribution/target/apalache-pkg-0.15.3-SNAPSHOT-full.jar
# JVM args: -Xmx4096m -DTLA-Library=/opt/apalache/src/tla
#
Picked up _JAVA_OPTIONS: -Djdk.net.URLClassPath.disableClassPathURLCheck=true
# APALACHE version 0.15.3-SNAPSHOT build v0.15.1-33-g80cf914
#
# WARNING: This tool is in the experimental stage.
#          Please report bugs at: [https://github.com/informalsystems/apalache/issues]
# 
# Usage statistics is OFF. We care about your privacy.
# If you want to help our project, consider enabling statistics with config --enable-stats=true.

Checker options: filename=MC_safety_2good_3bad.tla, init=Init, next=, inv=IndInv I@20:19:05.464
Tuning:                                                           I@20:19:05.680
PASS #0: SanyParser                                               I@20:19:05.683
Parsing file /var/apalache/MC_safety_2good_3bad.tla
Parsing file /var/apalache/Handshaking.tla
Parsing file /tmp/TLC.tla
Parsing file /tmp/FiniteSets.tla
Parsing file /tmp/Naturals.tla
Parsing file /tmp/Sequences.tla
PASS #1: TypeCheckerSnowcat                                       I@20:19:06.272
 > Running Snowcat .::.                                           I@20:19:06.272
 > Your types are great!                                          I@20:19:06.836
 > All expressions are typed                                      I@20:19:06.837
PASS #2: ConfigurationPass                                        I@20:19:06.878
  > MC_safety_2good_3bad.cfg: Loading TLC configuration           I@20:19:06.880
  > MC_safety_2good_3bad.cfg: Using SPECIFICATION Spec            I@20:19:06.918
  > MC_safety_2good_3bad.cfg: Init operator is set in TLC config but overridden via --init command line option; using Init W@20:19:06.918
  > Using the next predicate Next from the TLC config             I@20:19:06.918
  > MC_safety_2good_3bad.cfg: found INVARIANTS: TypeOK, NoSelfInteractions, GoodNodesDoNotExceedMaxConnections, GoodNodesNeverHaveMessagesFromBlacklistedPeers, GoodNodesHaveExlcusiveInProgressAndConnections, GoodNodesOnlyConnectToNodesWithWhomTheyHaveExchangedAllMessages, GoodNodesOnlyExchangeMetaMessagesAfterSendingAndReceivingConnectionMessages, GoodNodesOnlyExchangeAckMessagesAfterSendingAndReceivingConnectionAndMetaMessages I@20:19:06.918
  > Overriding with command line arguments: --inv IndInv          W@20:19:06.919
  > Set the initialization predicate to Init                      I@20:19:06.920
  > Set the transition predicate to Next                          I@20:19:06.920
  > Set an invariant to IndInv                                    I@20:19:06.920
  > Replaced CONSTANT BAD_NODES with Bad_nodes()                  I@20:19:06.922
  > Replaced CONSTANT MIN with Min()                              I@20:19:06.923
  > Replaced CONSTANT MAX with Max()                              I@20:19:06.923
  > Replaced CONSTANT GOOD_NODES with Good_nodes()                I@20:19:06.923
PASS #3: DesugarerPass                                            I@20:19:06.972
  > Desugaring...                                                 I@20:19:06.972
PASS #4: UnrollPass                                               I@20:19:07.020
  > Unroller                                                      I@20:19:07.058
PASS #5: PrimingPass                                              I@20:19:07.108
  > Introducing InitPrimed for Init'                              I@20:19:07.112
PASS #6: CoverAnalysisPass                                        I@20:19:07.148
PASS #7: InlinePass                                               I@20:19:07.149
  > InlinerOfUserOper                                             I@20:19:07.149
  > LetInExpander                                                 I@20:19:07.200
  > InlinerOfUserOper                                             I@20:19:07.214
Leaving only relevant operators: CInitPrimed, IndInv, Init, InitPrimed, Next I@20:19:07.218
PASS #8: VCGen                                                    I@20:19:07.254
  > Producing verification conditions from the invariant IndInv   I@20:19:07.255
  > VCGen produced 26 verification condition(s)                   I@20:19:07.257
PASS #9: PreprocessingPass                                        I@20:19:07.296
  > Before preprocessing: unique renaming                         I@20:19:07.296
 > Applying standard transformations:                             I@20:19:07.301
  > PrimePropagation                                              I@20:19:07.301
  > Desugarer                                                     I@20:19:07.346
  > UniqueRenamer                                                 I@20:19:07.394
  > Normalizer                                                    I@20:19:07.453
  > Keramelizer                                                   I@20:19:07.513
  > After preprocessing: UniqueRenamer                            I@20:19:07.582
PASS #10: TransitionFinderPass                                    I@20:19:07.656
  > Found 1 initializing transitions                              I@20:19:07.704
  > Found 17 transitions                                          I@20:19:07.771
  > No constant initializer                                       I@20:19:07.771
  > Applying unique renaming                                      I@20:19:07.772
PASS #11: OptimizationPass                                        I@20:19:07.826
 > Applying optimizations:                                        I@20:19:07.830
  > ConstSimplifier                                               I@20:19:07.830
  > ExprOptimizer                                                 I@20:19:07.861
  > ConstSimplifier                                               I@20:19:07.885
PASS #12: AnalysisPass                                            I@20:19:07.949
 > Marking skolemizable existentials and sets to be expanded...   I@20:19:07.950
  > SkolemizationMarker                                           I@20:19:07.951
  > ExpansionMarker                                               I@20:19:07.953
 > Running analyzers...                                           I@20:19:07.973
  > Introduced expression grades                                  I@20:19:08.022
  > Introduced 4 formula hints                                    I@20:19:08.022
PASS #13: PostTypeCheckerSnowcat                                  I@20:19:08.022
 > Running Snowcat .::.                                           I@20:19:08.022
 > Your types are great!                                          I@20:19:10.377
 > All expressions are typed                                      I@20:19:10.377
PASS #14: BoundedChecker                                          I@20:19:10.397
State 0: Checking 26 invariants                                   I@20:19:10.666
Step 0: picking a transition out of 1 transition(s)               I@20:19:10.826
The outcome is: NoError                                           I@20:19:10.829
PASS #15: Terminal                                                I@20:19:10.829
Checker reports no error up to computation length 0               I@20:19:10.829
It took me 0 days  0 hours  0 min  5 sec                          I@20:19:10.830
Total time: 5.367 sec                                             I@20:19:10.830
EXITCODE: OK


\* 2. Checking that Next preserves IndInv:

$ apalache check --init=IndInv --inv=IndInv --length=1 MC_safety_2good_3bad.tla 
Assuming you bind-mounted your local directory into /var/apalache...
# Tool home: /opt/apalache
# Package:   /opt/apalache/mod-distribution/target/apalache-pkg-0.15.3-SNAPSHOT-full.jar
# JVM args: -Xmx4096m -DTLA-Library=/opt/apalache/src/tla
#
Picked up _JAVA_OPTIONS: -Djdk.net.URLClassPath.disableClassPathURLCheck=true
# APALACHE version 0.15.3-SNAPSHOT build v0.15.1-33-g80cf914
#
# WARNING: This tool is in the experimental stage.
#          Please report bugs at: [https://github.com/informalsystems/apalache/issues]
# 
# Usage statistics is OFF. We care about your privacy.
# If you want to help our project, consider enabling statistics with config --enable-stats=true.

Checker options: filename=MC_safety_2good_3bad.tla, init=IndInv, next=, inv=IndInv I@20:19:56.168
Tuning:                                                           I@20:19:56.383
PASS #0: SanyParser                                               I@20:19:56.384
Parsing file /var/apalache/MC_safety_2good_3bad.tla
Parsing file /var/apalache/Handshaking.tla
Parsing file /tmp/TLC.tla
Parsing file /tmp/FiniteSets.tla
Parsing file /tmp/Naturals.tla
Parsing file /tmp/Sequences.tla
PASS #1: TypeCheckerSnowcat                                       I@20:19:56.990
 > Running Snowcat .::.                                           I@20:19:56.990
 > Your types are great!                                          I@20:19:57.571
 > All expressions are typed                                      I@20:19:57.572
PASS #2: ConfigurationPass                                        I@20:19:57.613
  > MC_safety_2good_3bad.cfg: Loading TLC configuration           I@20:19:57.615
  > MC_safety_2good_3bad.cfg: Using SPECIFICATION Spec            I@20:19:57.653
  > MC_safety_2good_3bad.cfg: Init operator is set in TLC config but overridden via --init command line option; using IndInv W@20:19:57.653
  > Using the next predicate Next from the TLC config             I@20:19:57.653
  > MC_safety_2good_3bad.cfg: found INVARIANTS: TypeOK, NoSelfInteractions, GoodNodesDoNotExceedMaxConnections, GoodNodesNeverHaveMessagesFromBlacklistedPeers, GoodNodesHaveExlcusiveInProgressAndConnections, GoodNodesOnlyConnectToNodesWithWhomTheyHaveExchangedAllMessages, GoodNodesOnlyExchangeMetaMessagesAfterSendingAndReceivingConnectionMessages, GoodNodesOnlyExchangeAckMessagesAfterSendingAndReceivingConnectionAndMetaMessages I@20:19:57.653
  > Overriding with command line arguments: --inv IndInv          W@20:19:57.654
  > Set the initialization predicate to IndInv                    I@20:19:57.655
  > Set the transition predicate to Next                          I@20:19:57.656
  > Set an invariant to IndInv                                    I@20:19:57.656
  > Replaced CONSTANT BAD_NODES with Bad_nodes()                  I@20:19:57.658
  > Replaced CONSTANT MIN with Min()                              I@20:19:57.659
  > Replaced CONSTANT MAX with Max()                              I@20:19:57.659
  > Replaced CONSTANT GOOD_NODES with Good_nodes()                I@20:19:57.659
PASS #3: DesugarerPass                                            I@20:19:57.707
  > Desugaring...                                                 I@20:19:57.707
PASS #4: UnrollPass                                               I@20:19:57.749
  > Unroller                                                      I@20:19:57.785
PASS #5: PrimingPass                                              I@20:19:57.834
  > Introducing IndInvPrimed for IndInv'                          I@20:19:57.838
PASS #6: CoverAnalysisPass                                        I@20:19:57.880
PASS #7: InlinePass                                               I@20:19:57.880
  > InlinerOfUserOper                                             I@20:19:57.881
  > LetInExpander                                                 I@20:19:57.916
  > InlinerOfUserOper                                             I@20:19:57.928
Leaving only relevant operators: CInitPrimed, IndInv, IndInvPrimed, Next I@20:19:57.933
PASS #8: VCGen                                                    I@20:19:57.966
  > Producing verification conditions from the invariant IndInv   I@20:19:57.967
  > VCGen produced 26 verification condition(s)                   I@20:19:57.969
PASS #9: PreprocessingPass                                        I@20:19:58.012
  > Before preprocessing: unique renaming                         I@20:19:58.013
 > Applying standard transformations:                             I@20:19:58.017
  > PrimePropagation                                              I@20:19:58.018
  > Desugarer                                                     I@20:19:58.067
  > UniqueRenamer                                                 I@20:19:58.133
  > Normalizer                                                    I@20:19:58.195
  > Keramelizer                                                   I@20:19:58.252
  > After preprocessing: UniqueRenamer                            I@20:19:58.315
PASS #10: TransitionFinderPass                                    I@20:19:58.392
  > Found 1 initializing transitions                              I@20:19:58.438
  > Found 17 transitions                                          I@20:19:58.498
  > No constant initializer                                       I@20:19:58.499
  > Applying unique renaming                                      I@20:19:58.499
PASS #11: OptimizationPass                                        I@20:19:58.563
 > Applying optimizations:                                        I@20:19:58.566
  > ConstSimplifier                                               I@20:19:58.567
  > ExprOptimizer                                                 I@20:19:58.597
  > ConstSimplifier                                               I@20:19:58.617
PASS #12: AnalysisPass                                            I@20:19:58.680
 > Marking skolemizable existentials and sets to be expanded...   I@20:19:58.682
  > SkolemizationMarker                                           I@20:19:58.682
  > ExpansionMarker                                               I@20:19:58.685
 > Running analyzers...                                           I@20:19:58.706
  > Introduced expression grades                                  I@20:19:58.759
  > Introduced 7 formula hints                                    I@20:19:58.759
PASS #13: PostTypeCheckerSnowcat                                  I@20:19:58.759
 > Running Snowcat .::.                                           I@20:19:58.759
 > Your types are great!                                          I@20:20:02.383
 > All expressions are typed                                      I@20:20:02.384
PASS #14: BoundedChecker                                          I@20:20:02.403
State 0: Checking 26 invariants                                   I@20:20:03.420
Step 0: picking a transition out of 1 transition(s)               I@20:20:03.965
State 1: Checking 12 invariants                                   I@20:20:04.082
State 1: Checking 14 invariants                                   I@20:20:04.931
State 1: Checking 26 invariants                                   I@20:20:06.082
State 1: Checking 10 invariants                                   I@20:20:07.007
State 1: Checking 10 invariants                                   I@20:20:08.140
State 1: Checking 10 invariants                                   I@20:20:09.332
State 1: Checking 13 invariants                                   I@20:20:10.558
State 1: Checking 15 invariants                                   I@20:20:11.669
State 1: Checking 26 invariants                                   I@20:20:13.135
State 1: Checking 26 invariants                                   I@20:20:14.810
State 1: Checking 26 invariants                                   I@20:20:16.125
State 1: Checking 26 invariants                                   I@20:20:17.556
State 1: Checking 26 invariants                                   I@20:20:19.290
State 1: Checking 26 invariants                                   I@20:20:20.652
State 1: Checking 3 invariants                                    I@20:20:22.137
State 1: Checking 26 invariants                                   I@20:20:22.824
State 1: Checking 26 invariants                                   I@20:20:24.100
Step 1: picking a transition out of 17 transition(s)              I@20:20:25.542
The outcome is: NoError                                           I@20:20:26.136
PASS #15: Terminal                                                I@20:20:26.137
Checker reports no error up to computation length 1               I@20:20:26.137
It took me 0 days  0 hours  0 min 29 sec                          I@20:20:26.137
Total time: 29.969 sec                                            I@20:20:26.137
EXITCODE: OK
